#
# A fatal error has been detected by the Java Runtime Environment:
#
#  EXCEPTION_ACCESS_VIOLATION (0xc0000005) at pc=0x8cd5d843, pid=6596, tid=6504
#
# JRE version: Java(TM) SE Runtime Environment (7.0_71-b14) (build 1.7.0_71-b14)
# Java VM: Java HotSpot(TM) Client VM (24.71-b01 mixed mode, sharing windows-x86 )
# Problematic frame:
# C  0x8cd5d843
#
# Failed to write core dump. Minidumps are not enabled by default on client versions of Windows
#
# If you would like to submit a bug report, please visit:
#   http://bugreport.sun.com/bugreport/crash.jsp
# The crash happened outside the Java Virtual Machine in native code.
# See problematic frame for where to report the bug.
#

---------------  T H R E A D  ---------------

Current thread (0x04b13c00):  JavaThread "AWT-EventQueue-0" [_thread_in_native, id=6504, stack(0x05100000,0x05150000)]

siginfo: ExceptionCode=0xc0000005, ExceptionInformation=0x00000008 0x8cd5d843

Registers:
EAX=0x00000800, EBX=0x04c8d050, ECX=0x04c8cfe8, EDX=0x00000000
ESP=0x0514e2e4, EBP=0x0514e338, ESI=0x04b0f8e8, EDI=0x04c8cfe8
EIP=0x8cd5d843, EFLAGS=0x00010287

Top of Stack: (sp=0x0514e2e4)
0x0514e2e4:   6e7e4a1e 04b0f8e8 04c8f170 00000800
0x0514e2f4:   04c8d050 05b1cb40 05b1cb40 04cac4a8
0x0514e304:   6e7e4a83 04c8cfe8 6e7f4d5e 04c8cfe8
0x0514e314:   05b1cb50 4c8e0062 04b13d30 00000000
0x0514e324:   fffffffe 0514e340 6a227196 04b13c00
0x0514e334:   64d93579 0514e368 6e7f4f2f 04b13d30
0x0514e344:   0514e3e4 04b4c450 05b1cb40 0000009c
0x0514e354:   4c8e0062 372cd3a8 372cd3a8 04b13c00 

Instructions: (pc=0x8cd5d843)
0x8cd5d823:   
[error occurred during error reporting (printing registers, top of stack, instructions near pc), id 0xc0000005]

Register to memory mapping:

EAX=0x00000800 is an unknown value
EBX=0x04c8d050 is an unknown value
ECX=0x04c8cfe8 is an unknown value
EDX=0x00000000 is an unknown value
ESP=0x0514e2e4 is pointing into the stack for thread: 0x04b13c00
EBP=0x0514e338 is pointing into the stack for thread: 0x04b13c00
ESI=0x04b0f8e8 is an unknown value
EDI=0x04c8cfe8 is an unknown value


Stack: [0x05100000,0x05150000],  sp=0x0514e2e4,  free space=312k
Native frames: (J=compiled Java code, j=interpreted, Vv=VM code, C=native code)
C  0x8cd5d843
C  [t2k.dll+0x24f2f]
j  sun.font.T2KFontScaler.getGlyphMetricsNative(Lsun/font/Font2D;JJILjava/awt/geom/Point2D$Float;)V+0
j  sun.font.T2KFontScaler.getGlyphMetrics(JILjava/awt/geom/Point2D$Float;)V+28
J 676 C1 sun.font.FileFontStrike.getGlyphMetrics(IZ)Ljava/awt/geom/Point2D$Float; (277 bytes) @ 0x026bda18 [0x026bd800+0x218]
J 680 C1 sun.font.FileFontStrike.getGlyphMetrics(I)Ljava/awt/geom/Point2D$Float; (7 bytes) @ 0x026c0668 [0x026c0640+0x28]
J 679 C1 sun.font.StandardGlyphVector$GlyphStrike.addDefaultGlyphAdvance(ILjava/awt/geom/Point2D$Float;)V (46 bytes) @ 0x026c03c0 [0x026c0390+0x30]
J 653 C1 sun.font.StandardGlyphVector.initPositions()V (229 bytes) @ 0x026b4c3c [0x026b48e0+0x35c]
j  sun.font.StandardGlyphVector.getLogicalBounds()Ljava/awt/geom/Rectangle2D;+5
j  java.awt.Font.getStringBounds([CIILjava/awt/font/FontRenderContext;)Ljava/awt/geom/Rectangle2D;+190
j  java.awt.Font.getStringBounds(Ljava/lang/String;Ljava/awt/font/FontRenderContext;)Ljava/awt/geom/Rectangle2D;+11
j  java.awt.FontMetrics.getStringBounds(Ljava/lang/String;Ljava/awt/Graphics;)Ljava/awt/geom/Rectangle2D;+10
j  game.GameSession.update(Ljava/awt/Graphics;)V+2686
j  game.GameSession.paint(Ljava/awt/Graphics;)V+2
j  javax.swing.JComponent.paintToOffscreen(Ljava/awt/Graphics;IIIIII)V+41
J 702 C1 javax.swing.RepaintManager$PaintManager.paintDoubleBuffered(Ljavax/swing/JComponent;Ljava/awt/Image;Ljava/awt/Graphics;IIII)V (294 bytes) @ 0x026c5afc [0x026c59b0+0x14c]
j  javax.swing.RepaintManager$PaintManager.paint(Ljavax/swing/JComponent;Ljavax/swing/JComponent;Ljava/awt/Graphics;IIII)Z+116
j  javax.swing.RepaintManager.paint(Ljavax/swing/JComponent;Ljavax/swing/JComponent;Ljava/awt/Graphics;IIII)V+52
J 551 C1 javax.swing.JComponent._paintImmediately(IIII)V (891 bytes) @ 0x0268d2b8 [0x0268c8b0+0xa08]
j  javax.swing.JComponent.paintImmediately(IIII)V+138
j  javax.swing.RepaintManager$3.run()Ljava/lang/Void;+75
j  javax.swing.RepaintManager$3.run()Ljava/lang/Object;+1
v  ~StubRoutines::call_stub
V  [jvm.dll+0x141eda]
V  [jvm.dll+0x2061ee]
V  [jvm.dll+0x141f5d]
V  [jvm.dll+0xfc3fa]
C  [java.dll+0x102f]
J 764 C1 javax.swing.RepaintManager.paintDirtyRegions(Ljava/util/Map;)V (196 bytes) @ 0x026db264 [0x026daee0+0x384]
j  javax.swing.RepaintManager.paintDirtyRegions()V+46
j  javax.swing.RepaintManager.prePaintDirtyRegions()V+73
j  javax.swing.RepaintManager.access$1100(Ljavax/swing/RepaintManager;)V+1
j  javax.swing.RepaintManager$ProcessingRunnable.run()V+37
j  java.awt.event.InvocationEvent.dispatch()V+47
J 433 C1 java.awt.EventQueue.dispatchEventImpl(Ljava/awt/AWTEvent;Ljava/lang/Object;)V (149 bytes) @ 0x0265e954 [0x0265e500+0x454]
J 561 C1 java.awt.EventQueue$3.run()Ljava/lang/Object; (5 bytes) @ 0x02694400 [0x026943d0+0x30]
v  ~StubRoutines::call_stub
V  [jvm.dll+0x141eda]
V  [jvm.dll+0x2061ee]
V  [jvm.dll+0x141f5d]
V  [jvm.dll+0xfc3fa]
C  [java.dll+0x102f]
J 429 C1 java.awt.EventQueue.dispatchEvent(Ljava/awt/AWTEvent;)V (80 bytes) @ 0x0265d230 [0x0265d080+0x1b0]
J 261 C1 java.awt.EventDispatchThread.pumpOneEventForFilters(I)V (295 bytes) @ 0x026289ac [0x02628310+0x69c]
j  java.awt.EventDispatchThread.pumpEventsForFilter(ILjava/awt/Conditional;Ljava/awt/EventFilter;)V+35
j  java.awt.EventDispatchThread.pumpEventsForHierarchy(ILjava/awt/Conditional;Ljava/awt/Component;)V+11
j  java.awt.EventDispatchThread.pumpEvents(ILjava/awt/Conditional;)V+4
j  java.awt.EventDispatchThread.pumpEvents(Ljava/awt/Conditional;)V+3
j  java.awt.EventDispatchThread.run()V+9
v  ~StubRoutines::call_stub
V  [jvm.dll+0x141eda]
V  [jvm.dll+0x2061ee]
V  [jvm.dll+0x1420a5]
V  [jvm.dll+0x142107]
V  [jvm.dll+0xed11f]
V  [jvm.dll+0x16324c]
V  [jvm.dll+0x163ca7]
V  [jvm.dll+0x1a80f9]
C  [msvcr100.dll+0x5c556]
C  [msvcr100.dll+0x5c600]
C  [kernel32.dll+0x1338a]
C  [ntdll.dll+0x39f72]
C  [ntdll.dll+0x39f45]

Java frames: (J=compiled Java code, j=interpreted, Vv=VM code)
j  sun.font.T2KFontScaler.getGlyphMetricsNative(Lsun/font/Font2D;JJILjava/awt/geom/Point2D$Float;)V+0
j  sun.font.T2KFontScaler.getGlyphMetrics(JILjava/awt/geom/Point2D$Float;)V+28
J 676 C1 sun.font.FileFontStrike.getGlyphMetrics(IZ)Ljava/awt/geom/Point2D$Float; (277 bytes) @ 0x026bda18 [0x026bd800+0x218]
J 680 C1 sun.font.FileFontStrike.getGlyphMetrics(I)Ljava/awt/geom/Point2D$Float; (7 bytes) @ 0x026c0668 [0x026c0640+0x28]
J 679 C1 sun.font.StandardGlyphVector$GlyphStrike.addDefaultGlyphAdvance(ILjava/awt/geom/Point2D$Float;)V (46 bytes) @ 0x026c03c0 [0x026c0390+0x30]
J 653 C1 sun.font.StandardGlyphVector.initPositions()V (229 bytes) @ 0x026b4c3c [0x026b48e0+0x35c]
j  sun.font.StandardGlyphVector.getLogicalBounds()Ljava/awt/geom/Rectangle2D;+5
j  java.awt.Font.getStringBounds([CIILjava/awt/font/FontRenderContext;)Ljava/awt/geom/Rectangle2D;+190
j  java.awt.Font.getStringBounds(Ljava/lang/String;Ljava/awt/font/FontRenderContext;)Ljava/awt/geom/Rectangle2D;+11
j  java.awt.FontMetrics.getStringBounds(Ljava/lang/String;Ljava/awt/Graphics;)Ljava/awt/geom/Rectangle2D;+10
j  game.GameSession.update(Ljava/awt/Graphics;)V+2686
j  game.GameSession.paint(Ljava/awt/Graphics;)V+2
j  javax.swing.JComponent.paintToOffscreen(Ljava/awt/Graphics;IIIIII)V+41
J 702 C1 javax.swing.RepaintManager$PaintManager.paintDoubleBuffered(Ljavax/swing/JComponent;Ljava/awt/Image;Ljava/awt/Graphics;IIII)V (294 bytes) @ 0x026c5afc [0x026c59b0+0x14c]
j  javax.swing.RepaintManager$PaintManager.paint(Ljavax/swing/JComponent;Ljavax/swing/JComponent;Ljava/awt/Graphics;IIII)Z+116
j  javax.swing.RepaintManager.paint(Ljavax/swing/JComponent;Ljavax/swing/JComponent;Ljava/awt/Graphics;IIII)V+52
J 551 C1 javax.swing.JComponent._paintImmediately(IIII)V (891 bytes) @ 0x0268d2b8 [0x0268c8b0+0xa08]
j  javax.swing.JComponent.paintImmediately(IIII)V+138
j  javax.swing.RepaintManager$3.run()Ljava/lang/Void;+75
j  javax.swing.RepaintManager$3.run()Ljava/lang/Object;+1
v  ~StubRoutines::call_stub
J 355  java.security.AccessController.doPrivileged(Ljava/security/PrivilegedAction;Ljava/security/AccessControlContext;)Ljava/lang/Object; (0 bytes) @ 0x02641ec7 [0x02641e60+0x67]
J 764 C1 javax.swing.RepaintManager.paintDirtyRegions(Ljava/util/Map;)V (196 bytes) @ 0x026db264 [0x026daee0+0x384]
j  javax.swing.RepaintManager.paintDirtyRegions()V+46
j  javax.swing.RepaintManager.prePaintDirtyRegions()V+73
j  javax.swing.RepaintManager.access$1100(Ljavax/swing/RepaintManager;)V+1
j  javax.swing.RepaintManager$ProcessingRunnable.run()V+37
j  java.awt.event.InvocationEvent.dispatch()V+47
J 433 C1 java.awt.EventQueue.dispatchEventImpl(Ljava/awt/AWTEvent;Ljava/lang/Object;)V (149 bytes) @ 0x0265e954 [0x0265e500+0x454]
J 561 C1 java.awt.EventQueue$3.run()Ljava/lang/Object; (5 bytes) @ 0x02694400 [0x026943d0+0x30]
v  ~StubRoutines::call_stub
J 355  java.security.AccessController.doPrivileged(Ljava/security/PrivilegedAction;Ljava/security/AccessControlContext;)Ljava/lang/Object; (0 bytes) @ 0x02641ec7 [0x02641e60+0x67]
J 429 C1 java.awt.EventQueue.dispatchEvent(Ljava/awt/AWTEvent;)V (80 bytes) @ 0x0265d230 [0x0265d080+0x1b0]
J 261 C1 java.awt.EventDispatchThread.pumpOneEventForFilters(I)V (295 bytes) @ 0x026289ac [0x02628310+0x69c]
j  java.awt.EventDispatchThread.pumpEventsForFilter(ILjava/awt/Conditional;Ljava/awt/EventFilter;)V+35
j  java.awt.EventDispatchThread.pumpEventsForHierarchy(ILjava/awt/Conditional;Ljava/awt/Component;)V+11
j  java.awt.EventDispatchThread.pumpEvents(ILjava/awt/Conditional;)V+4
j  java.awt.EventDispatchThread.pumpEvents(Ljava/awt/Conditional;)V+3
j  java.awt.EventDispatchThread.run()V+9
v  ~StubRoutines::call_stub

---------------  P R O C E S S  ---------------

Java Threads: ( => current thread )
  0x04b15c00 JavaThread "Thread-3" [_thread_blocked, id=5848, stack(0x055c0000,0x05610000)]
  0x04b15800 JavaThread "Thread-2" [_thread_blocked, id=6704, stack(0x05490000,0x054e0000)]
  0x04b15000 JavaThread "TimerQueue" daemon [_thread_blocked, id=7444, stack(0x08040000,0x08090000)]
  0x04b14400 JavaThread "DestroyJavaVM" [_thread_blocked, id=3372, stack(0x00f20000,0x00f70000)]
=>0x04b13c00 JavaThread "AWT-EventQueue-0" [_thread_in_native, id=6504, stack(0x05100000,0x05150000)]
  0x04b12c00 JavaThread "AWT-Windows" daemon [_thread_in_native, id=5424, stack(0x05060000,0x050b0000)]
  0x04b12400 JavaThread "AWT-Shutdown" [_thread_blocked, id=1808, stack(0x04760000,0x047b0000)]
  0x04b0e400 JavaThread "Java2D Disposer" daemon [_thread_blocked, id=5172, stack(0x04db0000,0x04e00000)]
  0x00470000 JavaThread "Service Thread" daemon [_thread_blocked, id=8080, stack(0x04820000,0x04870000)]
  0x0046b400 JavaThread "C1 CompilerThread0" daemon [_thread_blocked, id=572, stack(0x04970000,0x049c0000)]
  0x0046a000 JavaThread "Attach Listener" daemon [_thread_blocked, id=8128, stack(0x048d0000,0x04920000)]
  0x00467000 JavaThread "Signal Dispatcher" daemon [_thread_blocked, id=3412, stack(0x047b0000,0x04800000)]
  0x003f9400 JavaThread "Finalizer" daemon [_thread_blocked, id=4424, stack(0x04600000,0x04650000)]
  0x003f7c00 JavaThread "Reference Handler" daemon [_thread_blocked, id=7148, stack(0x04660000,0x046b0000)]

Other Threads:
  0x003f6400 VMThread [stack: 0x01090000,0x010e0000] [id=6328]
  0x00483400 WatcherThread [stack: 0x04550000,0x045a0000] [id=6516]

VM state:not at safepoint (normal execution)

VM Mutex/Monitor currently owned by a thread: None

Heap
 def new generation   total 30528K, used 18142K [0x27200000, 0x29310000, 0x2c750000)
  eden space 27200K,  66% used [0x27200000, 0x283b7a48, 0x28c90000)
  from space 3328K,   0% used [0x28c90000, 0x28c90000, 0x28fd0000)
  to   space 3328K,   0% used [0x28fd0000, 0x28fd0000, 0x29310000)
 tenured generation   total 67608K, used 40564K [0x2c750000, 0x30956000, 0x37200000)
   the space 67608K,  59% used [0x2c750000, 0x2eeed000, 0x2eeed000, 0x30956000)
 compacting perm gen  total 12288K, used 1177K [0x37200000, 0x37e00000, 0x3b200000)
   the space 12288K,   9% used [0x37200000, 0x37326498, 0x37326600, 0x37e00000)
    ro space 10240K,  42% used [0x3b200000, 0x3b634e48, 0x3b635000, 0x3bc00000)
    rw space 12288K,  51% used [0x3bc00000, 0x3c23aac0, 0x3c23ac00, 0x3c800000)

Card table byte_map: [0x00d50000,0x00e00000] byte_map_base: 0x00c17000

Polling page: 0x00260000

Code Cache  [0x02530000, 0x026e0000, 0x04530000)
 total_blobs=995 nmethods=767 adapters=164 free_code_cache=31052Kb largest_free_block=31798016

Compilation events (10 events):
Event: 9.970 Thread 0x0046b400  763             java.awt.geom.AffineTransform::getType (17 bytes)
Event: 9.970 Thread 0x0046b400 nmethod 763 0x026daa88 code [0x026dab80, 0x026dac2c]
Event: 9.979 Thread 0x0046b400  764   !         javax.swing.RepaintManager::paintDirtyRegions (196 bytes)
Event: 9.981 Thread 0x0046b400 nmethod 764 0x026dac88 code [0x026daee0, 0x026db5a4]
Event: 9.983 Thread 0x0046b400  765             java.awt.geom.Path2D$Iterator::isDone (20 bytes)
Event: 9.983 Thread 0x0046b400 nmethod 765 0x026dc2c8 code [0x026dc3c0, 0x026dc460]
Event: 9.995 Thread 0x0046b400  766             java.util.ArrayList::<init> (44 bytes)
Event: 9.996 Thread 0x0046b400 nmethod 766 0x026dc4c8 code [0x026dc600, 0x026dc910]
Event: 9.998 Thread 0x0046b400  767             sun.awt.SunHints$Value::hashCode (5 bytes)
Event: 9.998 Thread 0x0046b400 nmethod 767 0x026dcb08 code [0x026dcc00, 0x026dcc8c]

GC Heap History (10 events):
Event: 0.392 GC heap before
{Heap before GC invocations=8 (full 2):
 def new generation   total 11328K, used 9202K [0x27200000, 0x27e40000, 0x2c750000)
  eden space 10112K,  91% used [0x27200000, 0x27afcbd8, 0x27be0000)
  from space 1216K,   0% used [0x27be0000, 0x27be0000, 0x27d10000)
  to   space 1216K,   0% used [0x27d10000, 0x27d10000, 0x27e40000)
 tenured generation   total 25064K, used 15037K [0x2c750000, 0x2dfca000, 0x37200000)
   the space 25064K,  59% used [0x2c750000, 0x2d5ff700, 0x2d5ff800, 0x2dfca000)
 compacting perm gen  total 12288K, used 491K [0x37200000, 0x37e00000, 0x3b200000)
   the space 12288K,   4% used [0x37200000, 0x3727af78, 0x3727b000, 0x37e00000)
    ro space 10240K,  42% used [0x3b200000, 0x3b634e48, 0x3b635000, 0x3bc00000)
    rw space 12288K,  51% used [0x3bc00000, 0x3c23aac0, 0x3c23ac00, 0x3c800000)
Event: 0.395 GC heap after
Heap after GC invocations=9 (full 2):
 def new generation   total 11328K, used 401K [0x27200000, 0x27e40000, 0x2c750000)
  eden space 10112K,   0% used [0x27200000, 0x27200000, 0x27be0000)
  from space 1216K,  32% used [0x27d10000, 0x27d74438, 0x27e40000)
  to   space 1216K,   0% used [0x27be0000, 0x27be0000, 0x27d10000)
 tenured generation   total 25064K, used 21272K [0x2c750000, 0x2dfca000, 0x37200000)
   the space 25064K,  84% used [0x2c750000, 0x2dc160b0, 0x2dc16200, 0x2dfca000)
 compacting perm gen  total 12288K, used 491K [0x37200000, 0x37e00000, 0x3b200000)
   the space 12288K,   4% used [0x37200000, 0x3727af78, 0x3727b000, 0x37e00000)
    ro space 10240K,  42% used [0x3b200000, 0x3b634e48, 0x3b635000, 0x3bc00000)
    rw space 12288K,  51% used [0x3bc00000, 0x3c23aac0, 0x3c23ac00, 0x3c800000)
}
Event: 0.455 GC heap before
{Heap before GC invocations=9 (full 2):
 def new generation   total 11328K, used 9610K [0x27200000, 0x27e40000, 0x2c750000)
  eden space 10112K,  91% used [0x27200000, 0x27afe3c8, 0x27be0000)
  from space 1216K,  32% used [0x27d10000, 0x27d74438, 0x27e40000)
  to   space 1216K,   0% used [0x27be0000, 0x27be0000, 0x27d10000)
 tenured generation   total 25064K, used 21272K [0x2c750000, 0x2dfca000, 0x37200000)
   the space 25064K,  84% used [0x2c750000, 0x2dc160b0, 0x2dc16200, 0x2dfca000)
 compacting perm gen  total 12288K, used 491K [0x37200000, 0x37e00000, 0x3b200000)
   the space 12288K,   4% used [0x37200000, 0x3727af78, 0x3727b000, 0x37e00000)
    ro space 10240K,  42% used [0x3b200000, 0x3b634e48, 0x3b635000, 0x3bc00000)
    rw space 12288K,  51% used [0x3bc00000, 0x3c23aac0, 0x3c23ac00, 0x3c800000)
Event: 0.465 GC heap after
Heap after GC invocations=10 (full 3):
 def new generation   total 17600K, used 0K [0x27200000, 0x28510000, 0x2c750000)
  eden space 15680K,   0% used [0x27200000, 0x27200000, 0x28150000)
  from space 1920K,   0% used [0x28150000, 0x28150000, 0x28330000)
  to   space 1920K,   0% used [0x28330000, 0x28330000, 0x28510000)
 tenured generation   total 38932K, used 23357K [0x2c750000, 0x2ed55000, 0x37200000)
   the space 38932K,  59% used [0x2c750000, 0x2de1f488, 0x2de1f600, 0x2ed55000)
 compacting perm gen  total 12288K, used 491K [0x37200000, 0x37e00000, 0x3b200000)
   the space 12288K,   4% used [0x37200000, 0x3727af78, 0x3727b000, 0x37e00000)
    ro space 10240K,  42% used [0x3b200000, 0x3b634e48, 0x3b635000, 0x3bc00000)
    rw space 12288K,  51% used [0x3bc00000, 0x3c23aac0, 0x3c23ac00, 0x3c800000)
}
Event: 0.580 GC heap before
{Heap before GC invocations=10 (full 3):
 def new generation   total 17600K, used 15494K [0x27200000, 0x28510000, 0x2c750000)
  eden space 15680K,  98% used [0x27200000, 0x28121bb0, 0x28150000)
  from space 1920K,   0% used [0x28150000, 0x28150000, 0x28330000)
  to   space 1920K,   0% used [0x28330000, 0x28330000, 0x28510000)
 tenured generation   total 38932K, used 23357K [0x2c750000, 0x2ed55000, 0x37200000)
   the space 38932K,  59% used [0x2c750000, 0x2de1f488, 0x2de1f600, 0x2ed55000)
 compacting perm gen  total 12288K, used 491K [0x37200000, 0x37e00000, 0x3b200000)
   the space 12288K,   4% used [0x37200000, 0x3727af78, 0x3727b000, 0x37e00000)
    ro space 10240K,  42% used [0x3b200000, 0x3b634e48, 0x3b635000, 0x3bc00000)
    rw space 12288K,  51% used [0x3bc00000, 0x3c23aac0, 0x3c23ac00, 0x3c800000)
Event: 0.583 GC heap after
Heap after GC invocations=11 (full 3):
 def new generation   total 17600K, used 1876K [0x27200000, 0x28510000, 0x2c750000)
  eden space 15680K,   0% used [0x27200000, 0x27200000, 0x28150000)
  from space 1920K,  97% used [0x28330000, 0x28505190, 0x28510000)
  to   space 1920K,   0% used [0x28150000, 0x28150000, 0x28330000)
 tenured generation   total 38932K, used 29591K [0x2c750000, 0x2ed55000, 0x37200000)
   the space 38932K,  76% used [0x2c750000, 0x2e435e38, 0x2e436000, 0x2ed55000)
 compacting perm gen  total 12288K, used 491K [0x37200000, 0x37e00000, 0x3b200000)
   the space 12288K,   4% used [0x37200000, 0x3727af78, 0x3727b000, 0x37e00000)
    ro space 10240K,  42% used [0x3b200000, 0x3b634e48, 0x3b635000, 0x3bc00000)
    rw space 12288K,  51% used [0x3bc00000, 0x3c23aac0, 0x3c23ac00, 0x3c800000)
}
Event: 1.205 GC heap before
{Heap before GC invocations=11 (full 3):
 def new generation   total 17600K, used 17556K [0x27200000, 0x28510000, 0x2c750000)
  eden space 15680K, 100% used [0x27200000, 0x28150000, 0x28150000)
  from space 1920K,  97% used [0x28330000, 0x28505190, 0x28510000)
  to   space 1920K,   0% used [0x28150000, 0x28150000, 0x28330000)
 tenured generation   total 38932K, used 29591K [0x2c750000, 0x2ed55000, 0x37200000)
   the space 38932K,  76% used [0x2c750000, 0x2e435e38, 0x2e436000, 0x2ed55000)
 compacting perm gen  total 12288K, used 810K [0x37200000, 0x37e00000, 0x3b200000)
   the space 12288K,   6% used [0x37200000, 0x372caa68, 0x372cac00, 0x37e00000)
    ro space 10240K,  42% used [0x3b200000, 0x3b634e48, 0x3b635000, 0x3bc00000)
    rw space 12288K,  51% used [0x3bc00000, 0x3c23aac0, 0x3c23ac00, 0x3c800000)
Event: 1.211 GC heap after
Heap after GC invocations=12 (full 3):
 def new generation   total 17600K, used 1920K [0x27200000, 0x28510000, 0x2c750000)
  eden space 15680K,   0% used [0x27200000, 0x27200000, 0x28150000)
  from space 1920K, 100% used [0x28150000, 0x28330000, 0x28330000)
  to   space 1920K,   0% used [0x28330000, 0x28330000, 0x28510000)
 tenured generation   total 38932K, used 36635K [0x2c750000, 0x2ed55000, 0x37200000)
   the space 38932K,  94% used [0x2c750000, 0x2eb16f50, 0x2eb17000, 0x2ed55000)
 compacting perm gen  total 12288K, used 810K [0x37200000, 0x37e00000, 0x3b200000)
   the space 12288K,   6% used [0x37200000, 0x372caa68, 0x372cac00, 0x37e00000)
    ro space 10240K,  42% used [0x3b200000, 0x3b634e48, 0x3b635000, 0x3bc00000)
    rw space 12288K,  51% used [0x3bc00000, 0x3c23aac0, 0x3c23ac00, 0x3c800000)
}
Event: 4.234 GC heap before
{Heap before GC invocations=12 (full 3):
 def new generation   total 17600K, used 16950K [0x27200000, 0x28510000, 0x2c750000)
  eden space 15680K,  95% used [0x27200000, 0x280ad960, 0x28150000)
  from space 1920K, 100% used [0x28150000, 0x28330000, 0x28330000)
  to   space 1920K,   0% used [0x28330000, 0x28330000, 0x28510000)
 tenured generation   total 38932K, used 36635K [0x2c750000, 0x2ed55000, 0x37200000)
   the space 38932K,  94% used [0x2c750000, 0x2eb16f50, 0x2eb17000, 0x2ed55000)
 compacting perm gen  total 12288K, used 912K [0x37200000, 0x37e00000, 0x3b200000)
   the space 12288K,   7% used [0x37200000, 0x372e4160, 0x372e4200, 0x37e00000)
    ro space 10240K,  42% used [0x3b200000, 0x3b634e48, 0x3b635000, 0x3bc00000)
    rw space 12288K,  51% used [0x3bc00000, 0x3c23aac0, 0x3c23ac00, 0x3c800000)
Event: 4.255 GC heap after
Heap after GC invocations=13 (full 4):
 def new generation   total 30528K, used 0K [0x27200000, 0x29310000, 0x2c750000)
  eden space 27200K,   0% used [0x27200000, 0x27200000, 0x28c90000)
  from space 3328K,   0% used [0x28c90000, 0x28c90000, 0x28fd0000)
  to   space 3328K,   0% used [0x28fd0000, 0x28fd0000, 0x29310000)
 tenured generation   total 67608K, used 40564K [0x2c750000, 0x30956000, 0x37200000)
   the space 67608K,  59% used [0x2c750000, 0x2eeed000, 0x2eeed000, 0x30956000)
 compacting perm gen  total 12288K, used 911K [0x37200000, 0x37e00000, 0x3b200000)
   the space 12288K,   7% used [0x37200000, 0x372e3dd8, 0x372e3e00, 0x37e00000)
    ro space 10240K,  42% used [0x3b200000, 0x3b634e48, 0x3b635000, 0x3bc00000)
    rw space 12288K,  51% used [0x3bc00000, 0x3c23aac0, 0x3c23ac00, 0x3c800000)
}

Deoptimization events (0 events):
No events

Internal exceptions (10 events):
Event: 0.679 Thread 0x00ebc000 Threw 0x27c396f0 at C:\re\jdk7u71\1605\hotspot\src\share\vm\prims\jvm.cpp:1281
Event: 0.679 Thread 0x00ebc000 Threw 0x27c3d0a8 at C:\re\jdk7u71\1605\hotspot\src\share\vm\prims\jvm.cpp:1281
Event: 0.679 Thread 0x00ebc000 Threw 0x27c3d1c0 at C:\re\jdk7u71\1605\hotspot\src\share\vm\prims\jvm.cpp:1281
Event: 4.233 Thread 0x04b13c00 Threw 0x276ae7a0 at C:\re\jdk7u71\1605\hotspot\src\share\vm\prims\jvm.cpp:1281
Event: 4.316 Thread 0x04b13c00 Threw 0x27ae2648 at C:\re\jdk7u71\1605\hotspot\src\share\vm\prims\jvm.cpp:1281
Event: 4.316 Thread 0x04b13c00 Threw 0x27ae4430 at C:\re\jdk7u71\1605\hotspot\src\share\vm\prims\jvm.cpp:1281
Event: 4.317 Thread 0x04b13c00 Threw 0x27ae57b0 at C:\re\jdk7u71\1605\hotspot\src\share\vm\prims\jvm.cpp:1281
Event: 4.319 Thread 0x04b13c00 Threw 0x27aeb620 at C:\re\jdk7u71\1605\hotspot\src\share\vm\prims\jvm.cpp:1281
Event: 4.322 Thread 0x04b13c00 Threw 0x27af8ed8 at C:\re\jdk7u71\1605\hotspot\src\share\vm\prims\jvm.cpp:1281
Event: 4.322 Thread 0x04b13c00 Threw 0x27afc3b0 at C:\re\jdk7u71\1605\hotspot\src\share\vm\prims\jvm.cpp:1281

Events (10 events):
Event: 5.999 loading class 0x3c895f10 done
Event: 5.999 loading class 0x3c896528 done
Event: 6.022 loading class 0x3c8964f0
Event: 6.022 loading class 0x3c8964f0 done
Event: 9.318 Thread 0x04b13800 Thread exited: 0x04b13800
Event: 9.319 Thread 0x04b13000 Thread exited: 0x04b13000
Event: 10.033 loading class 0x3c8fc680
Event: 10.034 loading class 0x3c8fc680 done
Event: 10.035 loading class 0x3c89f7a8
Event: 10.035 loading class 0x3c89f7a8 done


Dynamic libraries:
0x01100000 - 0x0112f000 	C:\Program Files (x86)\Java\jre7\bin\javaw.exe
0x76fa0000 - 0x77120000 	C:\Windows\SysWOW64\ntdll.dll
0x74c20000 - 0x74d30000 	C:\Windows\syswow64\kernel32.dll
0x74e80000 - 0x74ec7000 	C:\Windows\syswow64\KERNELBASE.dll
0x75960000 - 0x75a00000 	C:\Windows\syswow64\ADVAPI32.dll
0x74ee0000 - 0x74f8c000 	C:\Windows\syswow64\msvcrt.dll
0x755e0000 - 0x755f9000 	C:\Windows\SysWOW64\sechost.dll
0x75c00000 - 0x75cf0000 	C:\Windows\syswow64\RPCRT4.dll
0x74930000 - 0x74990000 	C:\Windows\syswow64\SspiCli.dll
0x74920000 - 0x7492c000 	C:\Windows\syswow64\CRYPTBASE.dll
0x76aa0000 - 0x76ba0000 	C:\Windows\syswow64\USER32.dll
0x749a0000 - 0x74a30000 	C:\Windows\syswow64\GDI32.dll
0x74ed0000 - 0x74eda000 	C:\Windows\syswow64\LPK.dll
0x74d30000 - 0x74dcd000 	C:\Windows\syswow64\USP10.dll
0x71700000 - 0x7189e000 	C:\Windows\WinSxS\x86_microsoft.windows.common-controls_6595b64144ccf1df_6.0.7601.17514_none_41e6975e2bd6f2b2\COMCTL32.dll
0x74f90000 - 0x74fe7000 	C:\Windows\syswow64\SHLWAPI.dll
0x75280000 - 0x752e0000 	C:\Windows\system32\IMM32.DLL
0x75ac0000 - 0x75b8c000 	C:\Windows\syswow64\MSCTF.dll
0x72510000 - 0x7253c000 	C:\Windows\SysWOW64\nvinit.dll
0x0f000000 - 0x0f006000 	C:\Program Files (x86)\NVIDIA Corporation\CoProcManager\detoured.dll
0x6f510000 - 0x6f53b000 	C:\Program Files (x86)\NVIDIA Corporation\CoProcManager\nvd3d9wrap.dll
0x75440000 - 0x755dd000 	C:\Windows\syswow64\SETUPAPI.dll
0x75bd0000 - 0x75bf7000 	C:\Windows\syswow64\CFGMGR32.dll
0x75d10000 - 0x75d9f000 	C:\Windows\syswow64\OLEAUT32.dll
0x752e0000 - 0x7543c000 	C:\Windows\syswow64\ole32.dll
0x75a50000 - 0x75a62000 	C:\Windows\syswow64\DEVOBJ.dll
0x6f4f0000 - 0x6f50f000 	C:\Program Files (x86)\NVIDIA Corporation\CoProcManager\nvdxgiwrap.dll
0x6dcb0000 - 0x6dd2d000 	C:\Program Files (x86)\AVG\AVG2015\avghookx.dll
0x6e270000 - 0x6e32f000 	C:\Program Files (x86)\Java\jre7\bin\msvcr100.dll
0x6a160000 - 0x6a4e9000 	C:\Program Files (x86)\Java\jre7\bin\client\jvm.dll
0x72ef0000 - 0x72ef7000 	C:\Windows\system32\WSOCK32.dll
0x75a00000 - 0x75a35000 	C:\Windows\syswow64\WS2_32.dll
0x75b90000 - 0x75b96000 	C:\Windows\syswow64\NSI.dll
0x6ebd0000 - 0x6ec02000 	C:\Windows\system32\WINMM.dll
0x75cf0000 - 0x75cf5000 	C:\Windows\syswow64\PSAPI.DLL
0x732f0000 - 0x732fc000 	C:\Program Files (x86)\Java\jre7\bin\verify.dll
0x72d10000 - 0x72d30000 	C:\Program Files (x86)\Java\jre7\bin\java.dll
0x72d30000 - 0x72d43000 	C:\Program Files (x86)\Java\jre7\bin\zip.dll
0x6b860000 - 0x6b9a3000 	C:\Program Files (x86)\Java\jre7\bin\awt.dll
0x6edf0000 - 0x6ee03000 	C:\Windows\system32\DWMAPI.DLL
0x71380000 - 0x71400000 	C:\Windows\system32\uxtheme.dll
0x75e50000 - 0x76a9a000 	C:\Windows\syswow64\SHELL32.dll
0x6e800000 - 0x6e839000 	C:\Program Files (x86)\Java\jre7\bin\fontmanager.dll
0x75600000 - 0x75683000 	C:\Windows\syswow64\CLBCatQ.DLL
0x715d0000 - 0x71700000 	C:\Windows\system32\WindowsCodecs.dll
0x6eb80000 - 0x6ebcc000 	C:\Windows\system32\apphelp.dll
0x6e6e0000 - 0x6e711000 	C:\Windows\system32\EhStorShell.dll
0x6ee80000 - 0x6ef75000 	C:\Windows\system32\PROPSYS.dll
0x5a930000 - 0x5ad3a000 	C:\PROGRA~2\MICROS~1\Office14\GROOVEEX.DLL
0x71f50000 - 0x71ff3000 	C:\Windows\WinSxS\x86_microsoft.vc90.crt_1fc8b3b9a1e18e3b_9.0.30729.6161_none_50934f2ebcb7eb57\MSVCR90.dll
0x6e180000 - 0x6e20e000 	C:\Windows\WinSxS\x86_microsoft.vc90.crt_1fc8b3b9a1e18e3b_9.0.30729.6161_none_50934f2ebcb7eb57\MSVCP90.dll
0x6e730000 - 0x6e75b000 	C:\Windows\WinSxS\x86_microsoft.vc90.atl_1fc8b3b9a1e18e3b_9.0.30729.6161_none_51cd0a7abbe4e19b\ATL90.DLL
0x5a520000 - 0x5a92f000 	C:\PROGRA~2\COMMON~1\MICROS~1\OFFICE14\Cultures\office.odf
0x59cb0000 - 0x5a514000 	C:\PROGRA~2\MICROS~1\Office14\1033\GrooveIntlResource.dll
0x735a0000 - 0x73610000 	C:\Windows\system32\ntshrui.dll
0x71950000 - 0x71969000 	C:\Windows\system32\srvcli.dll
0x712a0000 - 0x712ab000 	C:\Windows\system32\cscapi.dll
0x73590000 - 0x7359a000 	C:\Windows\system32\slc.dll
0x72cf0000 - 0x72d04000 	C:\Program Files (x86)\Java\jre7\bin\net.dll
0x10000000 - 0x10075000 	C:\Windows\system32\BfLLR.dll
0x72000000 - 0x7201c000 	C:\Windows\system32\IPHLPAPI.DLL
0x719a0000 - 0x719a7000 	C:\Windows\system32\WINNSI.DLL
0x71470000 - 0x714ac000 	C:\Windows\system32\mswsock.dll
0x6e840000 - 0x6e846000 	C:\Windows\System32\wship6.dll
0x73140000 - 0x7314f000 	C:\Program Files (x86)\Java\jre7\bin\nio.dll
0x6e7d0000 - 0x6e800000 	C:\Program Files (x86)\Java\jre7\bin\t2k.dll
0x6e7a0000 - 0x6e7c4000 	C:\Program Files (x86)\Java\jre7\bin\dcpr.dll
0x6b770000 - 0x6b85b000 	C:\Windows\system32\dbghelp.dll

VM Arguments:
jvm_args: -Dfile.encoding=Cp1252 
java_command: game.Game
Launcher Type: SUN_STANDARD

Environment Variables:
JAVA_HOME=C:\Program Files (x86)\Java\jdk1.7.0_67
PATH=C:/Program Files (x86)/Java/jre1.8.0_31/bin/client;C:/Program Files (x86)/Java/jre1.8.0_31/bin;C:/Program Files (x86)/Java/jre1.8.0_31/lib/i386;C:\ProgramData\Oracle\Java\javapath;C:\Program Files (x86)\NVIDIA Corporation\PhysX\Common;C:\Windows\system32;C:\Windows;C:\Windows\System32\Wbem;C:\Program Files\Java\jdk1.8.0_05\bin;C:\Program Files\apache-maven-3.2.1\bin;C:\Program Files (x86)\Java\jdk1.7.0_67\bin;C:\Program Files\Intel\WiFi\bin\;C:\Program Files\Common Files\Intel\WirelessCommon\;C:\Program Files (x86)\Microchip\MPLAB C32 Suite\bin;C:\Program Files\apache-maven-3.2.1\bin;C:\Program Files (x86)\Java\jdk1.7.0_67\bin;C:\Program Files\Intel\WiFi\bin\;C:\Program Files\Common Files\Intel\WirelessCommon\;F:\Eclipse\eclipse-jee-luna-SR1-win32\eclipse;
USERNAME=MSI
OS=Windows_NT
PROCESSOR_IDENTIFIER=Intel64 Family 6 Model 58 Stepping 9, GenuineIntel



---------------  S Y S T E M  ---------------

OS: Windows 7 , 64 bit Build 7601 Service Pack 1

CPU:total 8 (4 cores per cpu, 2 threads per core) family 6 model 58 stepping 9, cmov, cx8, fxsr, mmx, sse, sse2, sse3, ssse3, sse4.1, sse4.2, popcnt, avx, aes, erms, ht, tsc, tscinvbit, tscinv

Memory: 4k page, physical 8274588k(5258460k free), swap 16547320k(13156820k free)

vm_info: Java HotSpot(TM) Client VM (24.71-b01) for windows-x86 JRE (1.7.0_71-b14), built on Sep 26 2014 16:30:49 by "java_re" with unknown MS VC++:1600

time: Wed Mar 11 15:11:49 2015
elapsed time: 10 seconds

